Using pre-set license
Built from '2020.3/release' branch; Version is '2020.3.1f1 (77a89f25062f) revision 7841951'; Using compiler version '192528614'; Build Type 'Release'
OS: 'Windows 10 Home; OS build 19042.985; Version 2009; 64bit' Language: 'ko' Physical Memory: 8025 MB
BatchMode: 1, IsHumanControllingUs: 0, StartBugReporterOnCrash: 0, Is64bit: 1, IsPro: 0

 COMMAND LINE ARGUMENTS:
C:\Program Files\Unity\Hub\Editor\2020.3.0f1\Editor\Unity.exe
-adb2
-batchMode
-noUpm
-name
AssetImportWorker0
-projectPath
C:/Users/hy2je/OneDrive/문서/git/Unity-Game-Programming/11_3DBomsongi
-logFile
Logs/AssetImportWorker0.log
-srvPort
54472
Successfully changed project path to: C:/Users/hy2je/OneDrive/문서/git/Unity-Game-Programming/11_3DBomsongi
C:/Users/hy2je/OneDrive/문서/git/Unity-Game-Programming/11_3DBomsongi
Using Asset Import Pipeline V2.
Refreshing native plugins compatible for Editor in 46.46 ms, found 0 plugins.
Preloading 0 native plugins for Editor in 0.00 ms.
Initialize engine version: 2020.3.1f1 (77a89f25062f)
[Subsystems] Discovering subsystems at path C:/Program Files/Unity/Hub/Editor/2020.3.0f1/Editor/Data/Resources/UnitySubsystems
[Subsystems] Discovering subsystems at path C:/Users/hy2je/OneDrive/문서/git/Unity-Game-Programming/11_3DBomsongi/Assets
GfxDevice: creating device client; threaded=0
Direct3D:
    Version:  Direct3D 11.0 [level 11.1]
    Renderer: Intel(R) UHD Graphics 620 (ID=0x5917)
    Vendor:   
    VRAM:     4012 MB
    Driver:   23.20.16.4849
Initialize mono
Mono path[0] = 'C:/Program Files/Unity/Hub/Editor/2020.3.0f1/Editor/Data/Managed'
Mono path[1] = 'C:/Program Files/Unity/Hub/Editor/2020.3.0f1/Editor/Data/MonoBleedingEdge/lib/mono/unityjit'
Mono config path = 'C:/Program Files/Unity/Hub/Editor/2020.3.0f1/Editor/Data/MonoBleedingEdge/etc'
Using monoOptions --debugger-agent=transport=dt_socket,embedding=1,server=y,suspend=n,address=127.0.0.1:56540
Begin MonoManager ReloadAssembly
Registering precompiled unity dll's ...
Register platform support module: C:/Program Files/Unity/Hub/Editor/2020.3.0f1/Editor/Data/PlaybackEngines/WindowsStandaloneSupport/UnityEditor.WindowsStandalone.Extensions.dll
Registered in 0.010157 seconds.
Native extension for WindowsStandalone target not found
Refreshing native plugins compatible for Editor in 67.94 ms, found 0 plugins.
Preloading 0 native plugins for Editor in 0.00 ms.
Invoked RoslynAnalysisRunner static constructor.
RoslynAnalysisRunner will not be running.
RoslynAnalysisRunner has terminated.
Mono: successfully reloaded assembly
- Completed reload, in  7.781 seconds
Platform modules already initialized, skipping
Registering precompiled user dll's ...
Registered in 0.003299 seconds.
Begin MonoManager ReloadAssembly
Native extension for WindowsStandalone target not found
Refreshing native plugins compatible for Editor in 0.43 ms, found 0 plugins.
Preloading 0 native plugins for Editor in 0.00 ms.
Invoked RoslynAnalysisRunner static constructor.
RoslynAnalysisRunner will not be running.
RoslynAnalysisRunner has terminated.
Mono: successfully reloaded assembly
- Completed reload, in  2.301 seconds
Platform modules already initialized, skipping
========================================================================
Worker process is ready to serve import requests
Launched and connected shader compiler UnityShaderCompiler.exe after 0.54 seconds
Refreshing native plugins compatible for Editor in 79.94 ms, found 0 plugins.
Preloading 0 native plugins for Editor in 0.00 ms.
Unloading 1116 Unused Serialized files (Serialized files now loaded: 0)
System memory in use before: 74.2 MB.
System memory in use after: 74.2 MB.

Unloading 10 unused Assets to reduce memory usage. Loaded Objects now: 1581.
Total: 4.103900 ms (FindLiveObjects: 0.282100 ms CreateObjectMapping: 0.083600 ms MarkObjects: 3.540500 ms  DeleteObjects: 0.195600 ms)

========================================================================
Received Import Request.
  path: Assets/BamsongiGenerator.cs
  artifactKey: Guid(58a35de61bc59434ca0faa8ffa133091) Importer(815301076,1909f56bfc062723c751e8b465ee728b)
Start importing Assets/BamsongiGenerator.cs using Guid(58a35de61bc59434ca0faa8ffa133091) Importer(815301076,1909f56bfc062723c751e8b465ee728b)  -> (artifact id: '94364abba09aea1e8e98efcbec2cc5b1') in 0.315585 seconds
  Import took 0.550562 seconds .

========================================================================
Received Import Request.
  Time since last request: 0.058694 seconds.
  path: Assets/BamsongiController.cs
  artifactKey: Guid(2a77584b4b77d864f9604cadbb320aaa) Importer(815301076,1909f56bfc062723c751e8b465ee728b)
Start importing Assets/BamsongiController.cs using Guid(2a77584b4b77d864f9604cadbb320aaa) Importer(815301076,1909f56bfc062723c751e8b465ee728b)  -> (artifact id: '91a91f6a64203c5ab0bc7dc678ab888b') in 0.055213 seconds
  Import took 0.061246 seconds .

========================================================================
Received Prepare
Registering precompiled user dll's ...
Registered in 0.003237 seconds.
Begin MonoManager ReloadAssembly
Native extension for WindowsStandalone target not found
Refreshing native plugins compatible for Editor in 0.56 ms, found 0 plugins.
Preloading 0 native plugins for Editor in 0.00 ms.
Invoked RoslynAnalysisRunner static constructor.
RoslynAnalysisRunner will not be running.
RoslynAnalysisRunner has terminated.
Mono: successfully reloaded assembly
- Completed reload, in  3.091 seconds
Platform modules already initialized, skipping
Refreshing native plugins compatible for Editor in 0.49 ms, found 0 plugins.
Preloading 0 native plugins for Editor in 0.00 ms.
Unloading 1111 Unused Serialized files (Serialized files now loaded: 0)
System memory in use before: 74.1 MB.
System memory in use after: 74.2 MB.

Unloading 5 unused Assets to reduce memory usage. Loaded Objects now: 1584.
Total: 4.102200 ms (FindLiveObjects: 0.263200 ms CreateObjectMapping: 0.096100 ms MarkObjects: 3.553600 ms  DeleteObjects: 0.186500 ms)

========================================================================
Received Import Request.
  Time since last request: 52.934636 seconds.
  path: Assets/BamsongiController.cs
  artifactKey: Guid(2a77584b4b77d864f9604cadbb320aaa) Importer(815301076,1909f56bfc062723c751e8b465ee728b)
Start importing Assets/BamsongiController.cs using Guid(2a77584b4b77d864f9604cadbb320aaa) Importer(815301076,1909f56bfc062723c751e8b465ee728b)  -> (artifact id: '86465ff0e7e942a70aef0a0675e604e8') in 0.013766 seconds
  Import took 0.020425 seconds .

AssetImportWorkerClient::OnTransportError - code=2 error=End of file
