Using pre-set license
Built from '2020.3/release' branch; Version is '2020.3.1f1 (77a89f25062f) revision 7841951'; Using compiler version '192528614'; Build Type 'Release'
OS: 'Windows 10 Home; OS build 19042.867; Version 2009; 64bit' Language: 'ko' Physical Memory: 8025 MB
BatchMode: 1, IsHumanControllingUs: 0, StartBugReporterOnCrash: 0, Is64bit: 1, IsPro: 0

 COMMAND LINE ARGUMENTS:
C:\Program Files\Unity\Hub\Editor\2020.3.0f1\Editor\Unity.exe
-adb2
-batchMode
-noUpm
-name
AssetImportWorker0
-projectPath
C:/Users/hy2je/OneDrive/문서/git/Unity-Game-Programming/05_2DThreeCatsArrowGame
-logFile
Logs/AssetImportWorker0.log
-srvPort
59272
Successfully changed project path to: C:/Users/hy2je/OneDrive/문서/git/Unity-Game-Programming/05_2DThreeCatsArrowGame
C:/Users/hy2je/OneDrive/문서/git/Unity-Game-Programming/05_2DThreeCatsArrowGame
Using Asset Import Pipeline V2.
Refreshing native plugins compatible for Editor in 114.38 ms, found 1 plugins.
Preloading 0 native plugins for Editor in 0.01 ms.
Initialize engine version: 2020.3.1f1 (77a89f25062f)
[Subsystems] Discovering subsystems at path C:/Program Files/Unity/Hub/Editor/2020.3.0f1/Editor/Data/Resources/UnitySubsystems
[Subsystems] Discovering subsystems at path C:/Users/hy2je/OneDrive/문서/git/Unity-Game-Programming/05_2DThreeCatsArrowGame/Assets
GfxDevice: creating device client; threaded=0
Direct3D:
    Version:  Direct3D 11.0 [level 11.1]
    Renderer: Intel(R) UHD Graphics 620 (ID=0x5917)
    Vendor:   
    VRAM:     4012 MB
    Driver:   23.20.16.4849
Initialize mono
Mono path[0] = 'C:/Program Files/Unity/Hub/Editor/2020.3.0f1/Editor/Data/Managed'
Mono path[1] = 'C:/Program Files/Unity/Hub/Editor/2020.3.0f1/Editor/Data/MonoBleedingEdge/lib/mono/unityjit'
Mono config path = 'C:/Program Files/Unity/Hub/Editor/2020.3.0f1/Editor/Data/MonoBleedingEdge/etc'
Using monoOptions --debugger-agent=transport=dt_socket,embedding=1,server=y,suspend=n,address=127.0.0.1:56272
Begin MonoManager ReloadAssembly
Registering precompiled unity dll's ...
Register platform support module: C:/Program Files/Unity/Hub/Editor/2020.3.0f1/Editor/Data/PlaybackEngines/WindowsStandaloneSupport/UnityEditor.WindowsStandalone.Extensions.dll
Registered in 0.009456 seconds.
Native extension for WindowsStandalone target not found
Refreshing native plugins compatible for Editor in 91.34 ms, found 1 plugins.
Preloading 0 native plugins for Editor in 0.00 ms.
Invoked RoslynAnalysisRunner static constructor.
RoslynAnalysisRunner will not be running.
RoslynAnalysisRunner has terminated.
Mono: successfully reloaded assembly
- Completed reload, in  8.632 seconds
Platform modules already initialized, skipping
Registering precompiled user dll's ...
Registered in 0.006237 seconds.
Begin MonoManager ReloadAssembly
Native extension for WindowsStandalone target not found
Refreshing native plugins compatible for Editor in 57.18 ms, found 1 plugins.
Preloading 0 native plugins for Editor in 0.00 ms.
Invoked RoslynAnalysisRunner static constructor.
RoslynAnalysisRunner will not be running.
RoslynAnalysisRunner has terminated.
Mono: successfully reloaded assembly
- Completed reload, in  1.861 seconds
Platform modules already initialized, skipping
========================================================================
Worker process is ready to serve import requests
Launched and connected shader compiler UnityShaderCompiler.exe after 0.41 seconds
Refreshing native plugins compatible for Editor in 0.75 ms, found 1 plugins.
Preloading 0 native plugins for Editor in 0.00 ms.
Unloading 1814 Unused Serialized files (Serialized files now loaded: 0)
System memory in use before: 85.4 MB.
System memory in use after: 85.3 MB.

Unloading 24 unused Assets to reduce memory usage. Loaded Objects now: 2258.
Total: 5.300300 ms (FindLiveObjects: 0.476800 ms CreateObjectMapping: 0.211200 ms MarkObjects: 4.225400 ms  DeleteObjects: 0.384000 ms)

========================================================================
Received Import Request.
  path: Assets/Star1Controller.cs
  artifactKey: Guid(7137899cecdbd364e9a272baf254e2e7) Importer(815301076,1909f56bfc062723c751e8b465ee728b)
Start importing Assets/Star1Controller.cs using Guid(7137899cecdbd364e9a272baf254e2e7) Importer(815301076,1909f56bfc062723c751e8b465ee728b)  -> (artifact id: '3eadbb92ca0c47a384c109ae3ba6a845') in 0.077111 seconds
  Import took 0.084377 seconds .

========================================================================
Received Import Request.
  Time since last request: 676.806057 seconds.
  path: Assets/Star1Generator.cs
  artifactKey: Guid(ec4b68765860c324ca04a9e78819106b) Importer(815301076,1909f56bfc062723c751e8b465ee728b)
Start importing Assets/Star1Generator.cs using Guid(ec4b68765860c324ca04a9e78819106b) Importer(815301076,1909f56bfc062723c751e8b465ee728b)  -> (artifact id: '032ee94be5e939fa5fcd383cbefc205a') in 0.008655 seconds
  Import took 0.016113 seconds .

AssetImportWorkerClient::OnTransportError - code=2 error=End of file
