Using pre-set license
Built from '2020.3/release' branch; Version is '2020.3.1f1 (77a89f25062f) revision 7841951'; Using compiler version '192528614'; Build Type 'Release'
OS: 'Windows 10 Home; OS build 19042.928; Version 2009; 64bit' Language: 'ko' Physical Memory: 8025 MB
BatchMode: 1, IsHumanControllingUs: 0, StartBugReporterOnCrash: 0, Is64bit: 1, IsPro: 0

 COMMAND LINE ARGUMENTS:
C:\Program Files\Unity\Hub\Editor\2020.3.0f1\Editor\Unity.exe
-adb2
-batchMode
-noUpm
-name
AssetImportWorker0
-projectPath
C:/Users/hy2je/OneDrive/문서/git/Unity-Game-Programming/10_SkeletonAnimation
-logFile
Logs/AssetImportWorker0.log
-srvPort
57724
Successfully changed project path to: C:/Users/hy2je/OneDrive/문서/git/Unity-Game-Programming/10_SkeletonAnimation
C:/Users/hy2je/OneDrive/문서/git/Unity-Game-Programming/10_SkeletonAnimation
Using Asset Import Pipeline V2.
Refreshing native plugins compatible for Editor in 74.21 ms, found 2 plugins.
Preloading 0 native plugins for Editor in 0.00 ms.
Initialize engine version: 2020.3.1f1 (77a89f25062f)
[Subsystems] Discovering subsystems at path C:/Program Files/Unity/Hub/Editor/2020.3.0f1/Editor/Data/Resources/UnitySubsystems
[Subsystems] Discovering subsystems at path C:/Users/hy2je/OneDrive/문서/git/Unity-Game-Programming/10_SkeletonAnimation/Assets
GfxDevice: creating device client; threaded=0
Direct3D:
    Version:  Direct3D 11.0 [level 11.1]
    Renderer: Intel(R) UHD Graphics 620 (ID=0x5917)
    Vendor:   
    VRAM:     4012 MB
    Driver:   23.20.16.4849
Initialize mono
Mono path[0] = 'C:/Program Files/Unity/Hub/Editor/2020.3.0f1/Editor/Data/Managed'
Mono path[1] = 'C:/Program Files/Unity/Hub/Editor/2020.3.0f1/Editor/Data/MonoBleedingEdge/lib/mono/unityjit'
Mono config path = 'C:/Program Files/Unity/Hub/Editor/2020.3.0f1/Editor/Data/MonoBleedingEdge/etc'
Using monoOptions --debugger-agent=transport=dt_socket,embedding=1,server=y,suspend=n,address=127.0.0.1:56436
Begin MonoManager ReloadAssembly
Registering precompiled unity dll's ...
Register platform support module: C:/Program Files/Unity/Hub/Editor/2020.3.0f1/Editor/Data/PlaybackEngines/WindowsStandaloneSupport/UnityEditor.WindowsStandalone.Extensions.dll
Registered in 0.007702 seconds.
Native extension for WindowsStandalone target not found
Refreshing native plugins compatible for Editor in 72.57 ms, found 2 plugins.
Preloading 0 native plugins for Editor in 0.00 ms.
Invoked RoslynAnalysisRunner static constructor.
RoslynAnalysisRunner will not be running.
RoslynAnalysisRunner has terminated.
Mono: successfully reloaded assembly
- Completed reload, in  7.338 seconds
Platform modules already initialized, skipping
Registering precompiled user dll's ...
Registered in 0.003003 seconds.
Begin MonoManager ReloadAssembly
Native extension for WindowsStandalone target not found
Refreshing native plugins compatible for Editor in 112.15 ms, found 2 plugins.
Preloading 0 native plugins for Editor in 0.00 ms.
Invoked RoslynAnalysisRunner static constructor.
RoslynAnalysisRunner will not be running.
RoslynAnalysisRunner has terminated.
Mono: successfully reloaded assembly
- Completed reload, in  2.888 seconds
Platform modules already initialized, skipping
========================================================================
Worker process is ready to serve import requests
Launched and connected shader compiler UnityShaderCompiler.exe after 0.42 seconds
Refreshing native plugins compatible for Editor in 0.83 ms, found 2 plugins.
Preloading 0 native plugins for Editor in 0.00 ms.
Unloading 1981 Unused Serialized files (Serialized files now loaded: 0)
System memory in use before: 91.2 MB.
System memory in use after: 91.2 MB.

Unloading 24 unused Assets to reduce memory usage. Loaded Objects now: 2425.
Total: 2.960800 ms (FindLiveObjects: 0.477400 ms CreateObjectMapping: 0.120600 ms MarkObjects: 2.170200 ms  DeleteObjects: 0.191000 ms)

========================================================================
Received Import Request.
  path: Assets/Logan/LoganController.cs
  artifactKey: Guid(12e70211a99c25e40b6b86c65bf22e71) Importer(815301076,1909f56bfc062723c751e8b465ee728b)
Start importing Assets/Logan/LoganController.cs using Guid(12e70211a99c25e40b6b86c65bf22e71) Importer(815301076,1909f56bfc062723c751e8b465ee728b)  -> (artifact id: 'c4a822203e423df232cd3ee0f032f4d1') in 0.125468 seconds
  Import took 0.130600 seconds .

========================================================================
Received Import Request.
  Time since last request: 0.000663 seconds.
  path: Assets/Logan/Logan.png
  artifactKey: Guid(8775c7a6f63090d4b83fcc93e825557e) Importer(815301076,1909f56bfc062723c751e8b465ee728b)
Start importing Assets/Logan/Logan.png using Guid(8775c7a6f63090d4b83fcc93e825557e) Importer(815301076,1909f56bfc062723c751e8b465ee728b)  -> (artifact id: 'e315209a1aa8e9b3cecdcba20c4e0c70') in 0.428472 seconds
  Import took 0.437009 seconds .

========================================================================
Received Import Request.
  Time since last request: 0.000601 seconds.
  path: Assets/Daniel/Daniel.png
  artifactKey: Guid(cb2a1ae92d4ef1042b2337d901a15d6d) Importer(815301076,1909f56bfc062723c751e8b465ee728b)
Start importing Assets/Daniel/Daniel.png using Guid(cb2a1ae92d4ef1042b2337d901a15d6d) Importer(815301076,1909f56bfc062723c751e8b465ee728b)  -> (artifact id: '957610d498fd220832ac17160dc91f74') in 0.091399 seconds
  Import took 0.099352 seconds .

========================================================================
Received Import Request.
  Time since last request: 0.000558 seconds.
  path: Assets/Logan/LoganMesh.controller
  artifactKey: Guid(9497624658b90084184030edac4ec94a) Importer(815301076,1909f56bfc062723c751e8b465ee728b)
Start importing Assets/Logan/LoganMesh.controller using Guid(9497624658b90084184030edac4ec94a) Importer(815301076,1909f56bfc062723c751e8b465ee728b)  -> (artifact id: 'f29c7d298d064e108d85f72cef5bd2ec') in 0.032928 seconds
  Import took 0.039833 seconds .

========================================================================
Received Import Request.
  Time since last request: 0.341249 seconds.
  path: Assets/Logan/logan_zombie.anim
  artifactKey: Guid(0532afb523086e843a65072366093155) Importer(815301076,1909f56bfc062723c751e8b465ee728b)
Start importing Assets/Logan/logan_zombie.anim using Guid(0532afb523086e843a65072366093155) Importer(815301076,1909f56bfc062723c751e8b465ee728b)  -> (artifact id: 'bc004daeca50eab1d2522275ef4511c0') in 0.012898 seconds
  Import took 0.018548 seconds .

========================================================================
Received Import Request.
  Time since last request: 878.031071 seconds.
  path: Assets/Logan/logan_zombie.anim
  artifactKey: Guid(0532afb523086e843a65072366093155) Importer(815301076,1909f56bfc062723c751e8b465ee728b)
Start importing Assets/Logan/logan_zombie.anim using Guid(0532afb523086e843a65072366093155) Importer(815301076,1909f56bfc062723c751e8b465ee728b)  -> (artifact id: '2f8cd4c01a7805d456a6cd2b99f4bba7') in 0.014305 seconds
  Import took 0.021979 seconds .

========================================================================
Received Prepare
Registering precompiled user dll's ...
Registered in 0.005481 seconds.
Begin MonoManager ReloadAssembly
Native extension for WindowsStandalone target not found
Refreshing native plugins compatible for Editor in 1.78 ms, found 2 plugins.
Preloading 0 native plugins for Editor in 0.00 ms.
Invoked RoslynAnalysisRunner static constructor.
RoslynAnalysisRunner will not be running.
RoslynAnalysisRunner has terminated.
Mono: successfully reloaded assembly
- Completed reload, in  2.939 seconds
Platform modules already initialized, skipping
Refreshing native plugins compatible for Editor in 1.47 ms, found 2 plugins.
Preloading 0 native plugins for Editor in 0.00 ms.
Unloading 1969 Unused Serialized files (Serialized files now loaded: 0)
System memory in use before: 93.8 MB.
System memory in use after: 93.8 MB.

Unloading 12 unused Assets to reduce memory usage. Loaded Objects now: 2475.
Total: 8.542400 ms (FindLiveObjects: 0.720200 ms CreateObjectMapping: 0.601100 ms MarkObjects: 7.068400 ms  DeleteObjects: 0.149300 ms)

========================================================================
Received Import Request.
  Time since last request: 215.350317 seconds.
  path: Assets/Logan/Logan.png
  artifactKey: Guid(8775c7a6f63090d4b83fcc93e825557e) Importer(815301076,1909f56bfc062723c751e8b465ee728b)
Start importing Assets/Logan/Logan.png using Guid(8775c7a6f63090d4b83fcc93e825557e) Importer(815301076,1909f56bfc062723c751e8b465ee728b)  -> (artifact id: '389653c070213b6bc6f9515d7754aa45') in 0.177829 seconds
  Import took 0.188728 seconds .

========================================================================
Received Import Request.
  Time since last request: 58.755903 seconds.
  path: Assets/Logan/logan_zombie.anim
  artifactKey: Guid(0532afb523086e843a65072366093155) Importer(815301076,1909f56bfc062723c751e8b465ee728b)
Start importing Assets/Logan/logan_zombie.anim using Guid(0532afb523086e843a65072366093155) Importer(815301076,1909f56bfc062723c751e8b465ee728b)  -> (artifact id: '86c344e5f6f9abfcd6e36be7e0d27fed') in 0.024084 seconds
  Import took 0.035268 seconds .

========================================================================
Received Prepare
Registering precompiled user dll's ...
Registered in 0.004257 seconds.
Begin MonoManager ReloadAssembly
Native extension for WindowsStandalone target not found
Refreshing native plugins compatible for Editor in 1.63 ms, found 2 plugins.
Preloading 0 native plugins for Editor in 0.00 ms.
Invoked RoslynAnalysisRunner static constructor.
RoslynAnalysisRunner will not be running.
RoslynAnalysisRunner has terminated.
Mono: successfully reloaded assembly
- Completed reload, in  2.780 seconds
Platform modules already initialized, skipping
Refreshing native plugins compatible for Editor in 1.23 ms, found 2 plugins.
Preloading 0 native plugins for Editor in 0.00 ms.
Unloading 1969 Unused Serialized files (Serialized files now loaded: 0)
System memory in use before: 93.8 MB.
System memory in use after: 93.9 MB.

Unloading 12 unused Assets to reduce memory usage. Loaded Objects now: 2480.
Total: 10.667100 ms (FindLiveObjects: 1.960600 ms CreateObjectMapping: 0.352000 ms MarkObjects: 8.179400 ms  DeleteObjects: 0.170900 ms)

========================================================================
Received Import Request.
  Time since last request: 285.147944 seconds.
  path: Assets/Logan/Logan.png
  artifactKey: Guid(8775c7a6f63090d4b83fcc93e825557e) Importer(815301076,1909f56bfc062723c751e8b465ee728b)
Start importing Assets/Logan/Logan.png using Guid(8775c7a6f63090d4b83fcc93e825557e) Importer(815301076,1909f56bfc062723c751e8b465ee728b)  -> (artifact id: '1c20768f5807a21e27169710dea95d34') in 0.218083 seconds
  Import took 0.229138 seconds .

========================================================================
Received Prepare
Registering precompiled user dll's ...
Registered in 0.009850 seconds.
Begin MonoManager ReloadAssembly
Native extension for WindowsStandalone target not found
Refreshing native plugins compatible for Editor in 0.91 ms, found 2 plugins.
Preloading 0 native plugins for Editor in 0.00 ms.
Invoked RoslynAnalysisRunner static constructor.
RoslynAnalysisRunner will not be running.
RoslynAnalysisRunner has terminated.
Mono: successfully reloaded assembly
- Completed reload, in  2.770 seconds
Platform modules already initialized, skipping
Refreshing native plugins compatible for Editor in 1.06 ms, found 2 plugins.
Preloading 0 native plugins for Editor in 0.00 ms.
Unloading 1969 Unused Serialized files (Serialized files now loaded: 0)
System memory in use before: 93.8 MB.
System memory in use after: 93.9 MB.

Unloading 12 unused Assets to reduce memory usage. Loaded Objects now: 2485.
Total: 5.897400 ms (FindLiveObjects: 0.496800 ms CreateObjectMapping: 0.222100 ms MarkObjects: 5.059600 ms  DeleteObjects: 0.116800 ms)

========================================================================
Received Import Request.
  Time since last request: 127.869315 seconds.
  path: Assets/Logan/Logan.png
  artifactKey: Guid(8775c7a6f63090d4b83fcc93e825557e) Importer(815301076,1909f56bfc062723c751e8b465ee728b)
Start importing Assets/Logan/Logan.png using Guid(8775c7a6f63090d4b83fcc93e825557e) Importer(815301076,1909f56bfc062723c751e8b465ee728b)  -> (artifact id: '937ee7d7af5800d7c0c0088bab891e52') in 0.185123 seconds
  Import took 0.199317 seconds .

========================================================================
Received Prepare
Registering precompiled user dll's ...
Registered in 0.005595 seconds.
Begin MonoManager ReloadAssembly
Native extension for WindowsStandalone target not found
Refreshing native plugins compatible for Editor in 0.76 ms, found 2 plugins.
Preloading 0 native plugins for Editor in 0.00 ms.
Invoked RoslynAnalysisRunner static constructor.
RoslynAnalysisRunner will not be running.
RoslynAnalysisRunner has terminated.
Mono: successfully reloaded assembly
- Completed reload, in  2.515 seconds
Platform modules already initialized, skipping
Refreshing native plugins compatible for Editor in 1.42 ms, found 2 plugins.
Preloading 0 native plugins for Editor in 0.00 ms.
Unloading 1969 Unused Serialized files (Serialized files now loaded: 0)
System memory in use before: 93.9 MB.
System memory in use after: 93.9 MB.

Unloading 12 unused Assets to reduce memory usage. Loaded Objects now: 2490.
Total: 6.941000 ms (FindLiveObjects: 0.547900 ms CreateObjectMapping: 0.205300 ms MarkObjects: 5.949800 ms  DeleteObjects: 0.234400 ms)

========================================================================
Received Import Request.
  Time since last request: 34.033398 seconds.
  path: Assets/Logan/Logan.png
  artifactKey: Guid(8775c7a6f63090d4b83fcc93e825557e) Importer(815301076,1909f56bfc062723c751e8b465ee728b)
Start importing Assets/Logan/Logan.png using Guid(8775c7a6f63090d4b83fcc93e825557e) Importer(815301076,1909f56bfc062723c751e8b465ee728b)  -> (artifact id: '034a4089da88b273684cb0acd086ae21') in 0.166456 seconds
  Import took 0.175802 seconds .

========================================================================
Received Import Request.
  Time since last request: 249.289918 seconds.
  path: Assets/suryong/수룡이.png
  artifactKey: Guid(6f991482c5fd52847bc2ee1231a14f71) Importer(815301076,1909f56bfc062723c751e8b465ee728b)
Start importing Assets/suryong/수룡이.png using Guid(6f991482c5fd52847bc2ee1231a14f71) Importer(815301076,1909f56bfc062723c751e8b465ee728b)  -> (artifact id: 'f38bdf816507ee5e7260f1524ce271d8') in 0.084587 seconds
  Import took 0.093355 seconds .

========================================================================
Received Prepare
Registering precompiled user dll's ...
Registered in 0.004749 seconds.
Begin MonoManager ReloadAssembly
Native extension for WindowsStandalone target not found
Refreshing native plugins compatible for Editor in 1.05 ms, found 2 plugins.
Preloading 0 native plugins for Editor in 0.00 ms.
Invoked RoslynAnalysisRunner static constructor.
RoslynAnalysisRunner will not be running.
RoslynAnalysisRunner has terminated.
Mono: successfully reloaded assembly
- Completed reload, in  2.383 seconds
Platform modules already initialized, skipping
Refreshing native plugins compatible for Editor in 1.16 ms, found 2 plugins.
Preloading 0 native plugins for Editor in 0.00 ms.
Unloading 1969 Unused Serialized files (Serialized files now loaded: 0)
System memory in use before: 93.9 MB.
System memory in use after: 94.0 MB.

Unloading 12 unused Assets to reduce memory usage. Loaded Objects now: 2506.
Total: 10.442500 ms (FindLiveObjects: 1.200100 ms CreateObjectMapping: 1.004300 ms MarkObjects: 7.933000 ms  DeleteObjects: 0.298900 ms)

========================================================================
Received Import Request.
  Time since last request: 2210.323502 seconds.
  path: Assets/suryong/수룡이.png
  artifactKey: Guid(6f991482c5fd52847bc2ee1231a14f71) Importer(815301076,1909f56bfc062723c751e8b465ee728b)
Start importing Assets/suryong/수룡이.png using Guid(6f991482c5fd52847bc2ee1231a14f71) Importer(815301076,1909f56bfc062723c751e8b465ee728b)  -> (artifact id: 'ebc73d40cc3aab7bead5ab466adbb7c3') in 0.223818 seconds
  Import took 0.238786 seconds .

========================================================================
Received Prepare
Registering precompiled user dll's ...
Registered in 0.005666 seconds.
Begin MonoManager ReloadAssembly
Native extension for WindowsStandalone target not found
Refreshing native plugins compatible for Editor in 0.89 ms, found 2 plugins.
Preloading 0 native plugins for Editor in 0.00 ms.
Invoked RoslynAnalysisRunner static constructor.
RoslynAnalysisRunner will not be running.
RoslynAnalysisRunner has terminated.
Mono: successfully reloaded assembly
- Completed reload, in  2.650 seconds
Platform modules already initialized, skipping
Refreshing native plugins compatible for Editor in 0.97 ms, found 2 plugins.
Preloading 0 native plugins for Editor in 0.00 ms.
Unloading 1969 Unused Serialized files (Serialized files now loaded: 0)
System memory in use before: 93.9 MB.
System memory in use after: 94.0 MB.

Unloading 12 unused Assets to reduce memory usage. Loaded Objects now: 2511.
Total: 9.323800 ms (FindLiveObjects: 0.667900 ms CreateObjectMapping: 1.382400 ms MarkObjects: 7.127000 ms  DeleteObjects: 0.141000 ms)

========================================================================
Received Import Request.
  Time since last request: 27.427042 seconds.
  path: Assets/suryong/수룡이.png
  artifactKey: Guid(6f991482c5fd52847bc2ee1231a14f71) Importer(815301076,1909f56bfc062723c751e8b465ee728b)
Start importing Assets/suryong/수룡이.png using Guid(6f991482c5fd52847bc2ee1231a14f71) Importer(815301076,1909f56bfc062723c751e8b465ee728b)  -> (artifact id: '384e6cbbebd68774d0d212bb218dd173') in 0.215857 seconds
  Import took 0.225287 seconds .

========================================================================
Received Import Request.
  Time since last request: 58.255955 seconds.
  path: Assets/suryong/suryong_walk.anim
  artifactKey: Guid(537b705a2065c7844a7b0f8846e4e499) Importer(815301076,1909f56bfc062723c751e8b465ee728b)
Start importing Assets/suryong/suryong_walk.anim using Guid(537b705a2065c7844a7b0f8846e4e499) Importer(815301076,1909f56bfc062723c751e8b465ee728b)  -> (artifact id: 'cb43c552ac102936d8e8144a1d04f307') in 0.027389 seconds
  Import took 0.034934 seconds .

========================================================================
Received Prepare
Registering precompiled user dll's ...
Registered in 0.007960 seconds.
Begin MonoManager ReloadAssembly
Native extension for WindowsStandalone target not found
Refreshing native plugins compatible for Editor in 0.61 ms, found 2 plugins.
Preloading 0 native plugins for Editor in 0.00 ms.
Invoked RoslynAnalysisRunner static constructor.
RoslynAnalysisRunner will not be running.
RoslynAnalysisRunner has terminated.
Mono: successfully reloaded assembly
- Completed reload, in  3.128 seconds
Platform modules already initialized, skipping
Refreshing native plugins compatible for Editor in 1.94 ms, found 2 plugins.
Preloading 0 native plugins for Editor in 0.00 ms.
Unloading 1969 Unused Serialized files (Serialized files now loaded: 0)
System memory in use before: 93.9 MB.
System memory in use after: 94.0 MB.

Unloading 12 unused Assets to reduce memory usage. Loaded Objects now: 2516.
Total: 5.911200 ms (FindLiveObjects: 0.341700 ms CreateObjectMapping: 0.114500 ms MarkObjects: 5.327000 ms  DeleteObjects: 0.123200 ms)

========================================================================
Received Import Request.
  Time since last request: 39.402103 seconds.
  path: Assets/suryong/수룡이.png
  artifactKey: Guid(6f991482c5fd52847bc2ee1231a14f71) Importer(815301076,1909f56bfc062723c751e8b465ee728b)
Start importing Assets/suryong/수룡이.png using Guid(6f991482c5fd52847bc2ee1231a14f71) Importer(815301076,1909f56bfc062723c751e8b465ee728b)  -> (artifact id: '6f8093b722fc5a18212c5066a2ae426b') in 0.199790 seconds
  Import took 0.210347 seconds .

========================================================================
Received Prepare
Registering precompiled user dll's ...
Registered in 0.006221 seconds.
Begin MonoManager ReloadAssembly
Native extension for WindowsStandalone target not found
Refreshing native plugins compatible for Editor in 0.96 ms, found 2 plugins.
Preloading 0 native plugins for Editor in 0.00 ms.
Invoked RoslynAnalysisRunner static constructor.
RoslynAnalysisRunner will not be running.
RoslynAnalysisRunner has terminated.
Mono: successfully reloaded assembly
- Completed reload, in  2.693 seconds
Platform modules already initialized, skipping
Refreshing native plugins compatible for Editor in 2.66 ms, found 2 plugins.
Preloading 0 native plugins for Editor in 0.00 ms.
Unloading 1969 Unused Serialized files (Serialized files now loaded: 0)
System memory in use before: 93.9 MB.
System memory in use after: 94.0 MB.

Unloading 12 unused Assets to reduce memory usage. Loaded Objects now: 2521.
Total: 9.806000 ms (FindLiveObjects: 1.485000 ms CreateObjectMapping: 0.351400 ms MarkObjects: 7.758600 ms  DeleteObjects: 0.205800 ms)

========================================================================
Received Import Request.
  Time since last request: 256.433680 seconds.
  path: Assets/suryong/수룡이.png
  artifactKey: Guid(6f991482c5fd52847bc2ee1231a14f71) Importer(815301076,1909f56bfc062723c751e8b465ee728b)
Start importing Assets/suryong/수룡이.png using Guid(6f991482c5fd52847bc2ee1231a14f71) Importer(815301076,1909f56bfc062723c751e8b465ee728b)  -> (artifact id: '1c8b8ecb4c178373f28812de38ca65c6') in 0.222334 seconds
  Import took 0.240769 seconds .

========================================================================
Received Prepare
Registering precompiled user dll's ...
Registered in 0.007410 seconds.
Begin MonoManager ReloadAssembly
Native extension for WindowsStandalone target not found
Refreshing native plugins compatible for Editor in 1.02 ms, found 2 plugins.
Preloading 0 native plugins for Editor in 0.00 ms.
Invoked RoslynAnalysisRunner static constructor.
RoslynAnalysisRunner will not be running.
RoslynAnalysisRunner has terminated.
Mono: successfully reloaded assembly
- Completed reload, in  2.932 seconds
Platform modules already initialized, skipping
Refreshing native plugins compatible for Editor in 1.16 ms, found 2 plugins.
Preloading 0 native plugins for Editor in 0.00 ms.
Unloading 1969 Unused Serialized files (Serialized files now loaded: 0)
System memory in use before: 93.9 MB.
System memory in use after: 94.0 MB.

Unloading 12 unused Assets to reduce memory usage. Loaded Objects now: 2526.
Total: 8.132700 ms (FindLiveObjects: 0.420000 ms CreateObjectMapping: 0.170000 ms MarkObjects: 7.332900 ms  DeleteObjects: 0.206700 ms)

========================================================================
Received Import Request.
  Time since last request: 1536.408175 seconds.
  path: Assets/suryong/수룡이.png
  artifactKey: Guid(6f991482c5fd52847bc2ee1231a14f71) Importer(815301076,1909f56bfc062723c751e8b465ee728b)
Start importing Assets/suryong/수룡이.png using Guid(6f991482c5fd52847bc2ee1231a14f71) Importer(815301076,1909f56bfc062723c751e8b465ee728b)  -> (artifact id: 'da5697286457a58e282bf2805e7dadbb') in 0.191740 seconds
  Import took 0.200822 seconds .

AssetImportWorkerClient::OnTransportError - code=2 error=End of file
